<?xml version="1.0" encoding="UTF-8"?>
<!-- Generated by org.testng.reporters.JUnitXMLReporter -->
<testsuite hostname="LAPTOP-L2LB3A44" ignored="0" name="SearchHotelTest" tests="1" failures="0" timestamp="2020-06-05T13:54:36 GMT+03:00" time="0.05" errors="0">
  <testcase name="@BeforeTest initilize" time="0.016" classname="SearchHotels.BookedHotel">
    <failure type="java.io.FileNotFoundException" message="C:\Automation projects\Interview Question\AERTRIP WITH MAVEN AND CUCUMBER\AERTRIPPROJECT\src\main\java\Academy\datadriven.properties (The system cannot find the path specified)">
      <![CDATA[java.io.FileNotFoundException: C:\Automation projects\Interview Question\AERTRIP WITH MAVEN AND CUCUMBER\AERTRIPPROJECT\src\main\java\Academy\datadriven.properties (The system cannot find the path specified)
at java.io.FileInputStream.open0(Native Method)
at java.io.FileInputStream.open(Unknown Source)
at java.io.FileInputStream.<init>(Unknown Source)
at java.io.FileInputStream.<init>(Unknown Source)
at SearchHotels.Base.initilizedriver(Base.java:25)
at SearchHotels.BookedHotel.initilize(BookedHotel.java:38)
... Removed 24 stack frames]]>
    </failure>
  </testcase> <!-- @BeforeTest initilize -->
  <testcase name="@AfterTest close" time="-1.59135447688E9" classname="SearchHotels.BookedHotel">
    <skipped/>
  </testcase> <!-- @AfterTest close -->
  <testcase name="HomePage" time="0.0" classname="SearchHotels.BookedHotel">
    <skipped/>
  </testcase> <!-- HomePage -->
</testsuite> <!-- SearchHotelTest -->
