<?xml version="1.0" encoding="UTF-8"?>
<testng-results skipped="0" failed="0" ignored="0" total="1" passed="1">
  <reporter-output>
  </reporter-output>
  <suite name="Suite" duration-ms="90597" started-at="2020-06-14T13:49:26 GMT+03:00" finished-at="2020-06-14T13:50:56 GMT+03:00">
    <groups>
    </groups>
    <test name="BookedHotelTest" duration-ms="90597" started-at="2020-06-14T13:49:26 GMT+03:00" finished-at="2020-06-14T13:50:56 GMT+03:00">
      <class name="SearchHotels.BookedHotelTest">
        <test-method status="PASS" signature="initilize(java.lang.String)[pri:0, instance:SearchHotels.BookedHotelTest@60c6f5b]" name="initilize" duration-ms="89513" started-at="2020-06-14T13:49:26 GMT+03:00" finished-at="2020-06-14T13:50:55 GMT+03:00">
          <params>
            <param index="0">
              <value>
                <![CDATA[http://aertrip.com]]>
              </value>
            </param>
          </params>
          <reporter-output>
          </reporter-output>
        </test-method> <!-- initilize -->
        <test-method status="PASS" signature="close()[pri:0, instance:SearchHotels.BookedHotelTest@60c6f5b]" name="close" is-config="true" duration-ms="1044" started-at="2020-06-14T13:50:55 GMT+03:00" finished-at="2020-06-14T13:50:56 GMT+03:00">
          <reporter-output>
          </reporter-output>
        </test-method> <!-- close -->
      </class> <!-- SearchHotels.BookedHotelTest -->
    </test> <!-- BookedHotelTest -->
  </suite> <!-- Suite -->
</testng-results>
